<?xml version="1.0" encoding="UTF-8"?>
<!-- Generated by org.testng.reporters.JUnitReportReporter -->
<testsuite hostname="Athirahs-MacBook-Air.local" failures="0" tests="7" name="cucumberOptions.TestRunner" time="49.289" errors="0" timestamp="2024-08-18T13:40:03 MYT" skipped="0">
  <testcase classname="cucumberOptions.TestRunner" name="runScenario" time="3.740"/>
  <testcase classname="cucumberOptions.TestRunner" name="runScenario" time="10.918"/>
  <testcase classname="cucumberOptions.TestRunner" name="runScenario" time="2.221"/>
  <testcase classname="cucumberOptions.TestRunner" name="runScenario" time="4.178"/>
  <testcase classname="cucumberOptions.TestRunner" name="runScenario" time="13.726"/>
  <testcase classname="cucumberOptions.TestRunner" name="runScenario" time="10.068"/>
  <testcase classname="cucumberOptions.TestRunner" name="runScenario" time="4.438"/>
</testsuite> <!-- cucumberOptions.TestRunner -->
