<?xml version="1.0" encoding="UTF-8"?>
<!-- Generated by org.testng.reporters.JUnitReportReporter -->
<testsuite hostname="Athirahs-MacBook-Air.local" failures="0" tests="9" name="cucumberOptions.TestRunner" time="58.710" errors="0" timestamp="2024-08-26T20:37:37 MYT" skipped="0">
  <testcase classname="cucumberOptions.TestRunner" name="runScenario" time="3.503"/>
  <testcase classname="cucumberOptions.TestRunner" name="runScenario" time="10.052"/>
  <testcase classname="cucumberOptions.TestRunner" name="runScenario" time="4.075"/>
  <testcase classname="cucumberOptions.TestRunner" name="runScenario" time="2.228"/>
  <testcase classname="cucumberOptions.TestRunner" name="runScenario" time="3.789"/>
  <testcase classname="cucumberOptions.TestRunner" name="runScenario" time="5.351"/>
  <testcase classname="cucumberOptions.TestRunner" name="runScenario" time="10.831"/>
  <testcase classname="cucumberOptions.TestRunner" name="runScenario" time="13.742"/>
  <testcase classname="cucumberOptions.TestRunner" name="runScenario" time="5.139"/>
</testsuite> <!-- cucumberOptions.TestRunner -->
