<?xml version="1.0" encoding="UTF-8"?>
<!-- Generated by org.testng.reporters.JUnitReportReporter -->
<testsuite hostname="Athirahs-MacBook-Air.local" failures="0" tests="1" name="cucumberUtils.TestRunner" time="0.037" errors="0" timestamp="2024-08-14T23:53:36 MYT" skipped="0">
  <testcase classname="cucumberUtils.TestRunner" name="runScenario" time="0.037"/>
</testsuite> <!-- cucumberUtils.TestRunner -->
